2020-12-10 23:53:11 | [INFO]    | Discordia 2.8.4
2020-12-10 23:53:11 | [INFO]    | Connecting to Discord...
2020-12-10 23:53:11 | [INFO]    | Authenticated as Marshmallowy Love#1300
2020-12-10 23:53:11 | [INFO]    | Launching shard 0 (1 out of 1)...
2020-12-10 23:53:11 | [INFO]    | Shard 0 : Connected to wss://gateway.discord.gg
2020-12-10 23:53:11 | [INFO]    | Shard 0 : Received HELLO
2020-12-10 23:53:11 | [INFO]    | Shard 0 : Received READY
2020-12-10 23:57:22 | [INFO]    | Discordia 2.8.4
2020-12-10 23:57:22 | [INFO]    | Connecting to Discord...
2020-12-10 23:57:22 | [INFO]    | Authenticated as Marshmallowy Love#1300
2020-12-10 23:57:22 | [INFO]    | Launching shard 0 (1 out of 1)...
2020-12-10 23:57:23 | [INFO]    | Shard 0 : Connected to wss://gateway.discord.gg
2020-12-10 23:57:23 | [INFO]    | Shard 0 : Received HELLO
2020-12-10 23:57:23 | [INFO]    | Shard 0 : Received READY
2020-12-10 23:57:56 | [INFO]    | Discordia 2.8.4
2020-12-10 23:57:56 | [INFO]    | Connecting to Discord...
2020-12-10 23:57:57 | [INFO]    | Authenticated as Marshmallowy Love#1300
2020-12-10 23:57:57 | [INFO]    | Launching shard 0 (1 out of 1)...
2020-12-10 23:57:57 | [INFO]    | Shard 0 : Connected to wss://gateway.discord.gg
2020-12-10 23:57:57 | [INFO]    | Shard 0 : Received HELLO
2020-12-10 23:57:57 | [INFO]    | Shard 0 : Received READY
2020-12-11 00:13:11 | [INFO]    | Discordia 2.8.4
2020-12-11 00:13:11 | [INFO]    | Connecting to Discord...
2020-12-11 00:13:12 | [INFO]    | Authenticated as Marshmallowy Love#1300
2020-12-11 00:13:12 | [INFO]    | Launching shard 0 (1 out of 1)...
2020-12-11 00:13:12 | [INFO]    | Shard 0 : Connected to wss://gateway.discord.gg
2020-12-11 00:13:12 | [INFO]    | Shard 0 : Received HELLO
2020-12-11 00:13:12 | [INFO]    | Shard 0 : Received READY
2020-12-11 00:18:44 | [INFO]    | Discordia 2.8.4
2020-12-11 00:18:44 | [INFO]    | Connecting to Discord...
2020-12-11 00:18:44 | [INFO]    | Authenticated as Marshmallowy Love#1300
2020-12-11 00:18:44 | [INFO]    | Launching shard 0 (1 out of 1)...
2020-12-11 00:18:44 | [INFO]    | Shard 0 : Connected to wss://gateway.discord.gg
2020-12-11 00:18:44 | [INFO]    | Shard 0 : Received HELLO
2020-12-11 00:18:45 | [INFO]    | Shard 0 : Received READY
2020-12-11 00:21:10 | [INFO]    | Discordia 2.8.4
2020-12-11 00:21:10 | [INFO]    | Connecting to Discord...
2020-12-11 00:21:10 | [INFO]    | Authenticated as Marshmallowy Love#1300
2020-12-11 00:21:10 | [INFO]    | Launching shard 0 (1 out of 1)...
2020-12-11 00:21:11 | [INFO]    | Shard 0 : Connected to wss://gateway.discord.gg
2020-12-11 00:21:11 | [INFO]    | Shard 0 : Received HELLO
2020-12-11 00:21:11 | [INFO]    | Shard 0 : Received READY
2020-12-11 00:22:39 | [INFO]    | Discordia 2.8.4
2020-12-11 00:22:39 | [INFO]    | Connecting to Discord...
2020-12-11 00:22:39 | [INFO]    | Authenticated as Marshmallowy Love#1300
2020-12-11 00:22:39 | [INFO]    | Launching shard 0 (1 out of 1)...
2020-12-11 00:22:39 | [INFO]    | Shard 0 : Connected to wss://gateway.discord.gg
2020-12-11 00:22:39 | [INFO]    | Shard 0 : Received HELLO
2020-12-11 00:22:40 | [INFO]    | Shard 0 : Received READY
2020-12-11 00:30:09 | [INFO]    | Discordia 2.8.4
2020-12-11 00:30:09 | [INFO]    | Connecting to Discord...
2020-12-11 00:30:09 | [INFO]    | Authenticated as Marshmallowy Love#1300
2020-12-11 00:30:09 | [INFO]    | Launching shard 0 (1 out of 1)...
2020-12-11 00:30:09 | [INFO]    | Shard 0 : Connected to wss://gateway.discord.gg
2020-12-11 00:30:09 | [INFO]    | Shard 0 : Received HELLO
2020-12-11 00:30:09 | [INFO]    | Shard 0 : Received READY
2020-12-11 00:31:19 | [INFO]    | Discordia 2.8.4
2020-12-11 00:31:19 | [INFO]    | Connecting to Discord...
2020-12-11 00:31:19 | [INFO]    | Authenticated as Marshmallowy Love#1300
2020-12-11 00:31:19 | [INFO]    | Launching shard 0 (1 out of 1)...
2020-12-11 00:31:19 | [INFO]    | Shard 0 : Connected to wss://gateway.discord.gg
2020-12-11 00:31:19 | [INFO]    | Shard 0 : Received HELLO
2020-12-11 00:31:19 | [INFO]    | Shard 0 : Received READY
2020-12-11 00:40:22 | [INFO]    | Discordia 2.8.4
2020-12-11 00:40:22 | [INFO]    | Connecting to Discord...
2020-12-11 00:40:22 | [INFO]    | Authenticated as Marshmallowy Love#1300
2020-12-11 00:40:22 | [INFO]    | Launching shard 0 (1 out of 1)...
2020-12-11 00:40:22 | [INFO]    | Shard 0 : Connected to wss://gateway.discord.gg
2020-12-11 00:40:22 | [INFO]    | Shard 0 : Received HELLO
2020-12-11 00:40:22 | [INFO]    | Shard 0 : Received READY
2020-12-11 00:51:32 | [INFO]    | Discordia 2.8.4
2020-12-11 00:51:32 | [INFO]    | Connecting to Discord...
2020-12-11 00:51:32 | [INFO]    | Authenticated as Marshmallowy Love#1300
2020-12-11 00:51:32 | [INFO]    | Launching shard 0 (1 out of 1)...
2020-12-11 00:51:32 | [INFO]    | Shard 0 : Connected to wss://gateway.discord.gg
2020-12-11 00:51:32 | [INFO]    | Shard 0 : Received HELLO
2020-12-11 00:51:32 | [INFO]    | Shard 0 : Received READY
2020-12-11 00:54:37 | [INFO]    | Discordia 2.8.4
2020-12-11 00:54:37 | [INFO]    | Connecting to Discord...
2020-12-11 00:54:37 | [INFO]    | Authenticated as Marshmallowy Love#1300
2020-12-11 00:54:37 | [INFO]    | Launching shard 0 (1 out of 1)...
2020-12-11 00:54:37 | [INFO]    | Shard 0 : Connected to wss://gateway.discord.gg
2020-12-11 00:54:37 | [INFO]    | Shard 0 : Received HELLO
2020-12-11 00:54:37 | [INFO]    | Shard 0 : Received READY
2020-12-11 01:03:40 | [INFO]    | Discordia 2.8.4
2020-12-11 01:03:40 | [INFO]    | Connecting to Discord...
2020-12-11 01:03:40 | [INFO]    | Authenticated as Marshmallowy Love#1300
2020-12-11 01:03:40 | [INFO]    | Launching shard 0 (1 out of 1)...
2020-12-11 01:03:40 | [INFO]    | Shard 0 : Connected to wss://gateway.discord.gg
2020-12-11 01:03:40 | [INFO]    | Shard 0 : Received HELLO
2020-12-11 01:03:40 | [INFO]    | Shard 0 : Received READY
2020-12-11 01:04:00 | [INFO]    | Discordia 2.8.4
2020-12-11 01:04:00 | [INFO]    | Connecting to Discord...
2020-12-11 01:04:01 | [INFO]    | Authenticated as Marshmallowy Love#1300
2020-12-11 01:04:01 | [INFO]    | Launching shard 0 (1 out of 1)...
2020-12-11 01:04:01 | [INFO]    | Shard 0 : Connected to wss://gateway.discord.gg
2020-12-11 01:04:02 | [INFO]    | Shard 0 : Received HELLO
2020-12-11 01:04:02 | [INFO]    | Shard 0 : Received READY
2020-12-11 01:14:41 | [INFO]    | Shard 0 : Disconnected
2020-12-11 01:14:41 | [INFO]    | Shard 0 : Reconnecting after 928 ms...
2020-12-11 01:14:42 | [INFO]    | Shard 0 : Connected to wss://gateway.discord.gg
2020-12-11 01:14:42 | [INFO]    | Shard 0 : Received HELLO
2020-12-11 01:14:42 | [INFO]    | Shard 0 : Received RESUMED
2020-12-11 01:14:57 | [INFO]    | Discordia 2.8.4
2020-12-11 01:14:57 | [INFO]    | Connecting to Discord...
2020-12-11 01:14:58 | [INFO]    | Authenticated as Marshmallowy Love#1300
2020-12-11 01:14:58 | [INFO]    | Launching shard 0 (1 out of 1)...
2020-12-11 01:14:58 | [INFO]    | Shard 0 : Connected to wss://gateway.discord.gg
2020-12-11 01:14:58 | [INFO]    | Shard 0 : Received HELLO
2020-12-11 01:14:58 | [INFO]    | Shard 0 : Received READY
2020-12-11 01:34:00 | [INFO]    | Discordia 2.8.4
2020-12-11 01:34:00 | [INFO]    | Connecting to Discord...
2020-12-11 01:34:00 | [INFO]    | Authenticated as Marshmallowy Love#1300
2020-12-11 01:34:00 | [INFO]    | Launching shard 0 (1 out of 1)...
2020-12-11 01:34:00 | [INFO]    | Shard 0 : Connected to wss://gateway.discord.gg
2020-12-11 01:34:00 | [INFO]    | Shard 0 : Received HELLO
2020-12-11 01:34:00 | [INFO]    | Shard 0 : Received READY
2020-12-11 01:47:51 | [INFO]    | Discordia 2.8.4
2020-12-11 01:47:51 | [INFO]    | Connecting to Discord...
2020-12-11 01:47:51 | [INFO]    | Authenticated as Marshmallowy Love#1300
2020-12-11 01:47:51 | [INFO]    | Launching shard 0 (1 out of 1)...
2020-12-11 01:47:51 | [INFO]    | Shard 0 : Connected to wss://gateway.discord.gg
2020-12-11 01:47:51 | [INFO]    | Shard 0 : Received HELLO
2020-12-11 01:47:52 | [INFO]    | Shard 0 : Received READY
2020-12-11 01:48:35 | [INFO]    | Discordia 2.8.4
2020-12-11 01:48:35 | [INFO]    | Connecting to Discord...
2020-12-11 01:48:36 | [INFO]    | Authenticated as Marshmallowy Love#1300
2020-12-11 01:48:36 | [INFO]    | Launching shard 0 (1 out of 1)...
2020-12-11 01:48:36 | [INFO]    | Shard 0 : Connected to wss://gateway.discord.gg
2020-12-11 01:48:36 | [INFO]    | Shard 0 : Received HELLO
2020-12-11 01:48:36 | [INFO]    | Shard 0 : Received READY
2020-12-11 01:49:58 | [INFO]    | Discordia 2.8.4
2020-12-11 01:49:58 | [INFO]    | Connecting to Discord...
2020-12-11 01:49:58 | [INFO]    | Authenticated as Marshmallowy Love#1300
2020-12-11 01:49:58 | [INFO]    | Launching shard 0 (1 out of 1)...
2020-12-11 01:49:58 | [INFO]    | Shard 0 : Connected to wss://gateway.discord.gg
2020-12-11 01:49:58 | [INFO]    | Shard 0 : Received HELLO
2020-12-11 01:49:59 | [INFO]    | Shard 0 : Received READY
2020-12-11 01:50:42 | [INFO]    | Discordia 2.8.4
2020-12-11 01:50:42 | [INFO]    | Connecting to Discord...
2020-12-11 01:50:42 | [INFO]    | Authenticated as Marshmallowy Love#1300
2020-12-11 01:50:42 | [INFO]    | Launching shard 0 (1 out of 1)...
2020-12-11 01:50:42 | [INFO]    | Shard 0 : Connected to wss://gateway.discord.gg
2020-12-11 01:50:42 | [INFO]    | Shard 0 : Received HELLO
2020-12-11 01:50:42 | [INFO]    | Shard 0 : Received READY
2020-12-11 01:51:21 | [INFO]    | Discordia 2.8.4
2020-12-11 01:51:21 | [INFO]    | Connecting to Discord...
2020-12-11 01:51:21 | [INFO]    | Authenticated as Marshmallowy Love#1300
2020-12-11 01:51:21 | [INFO]    | Launching shard 0 (1 out of 1)...
2020-12-11 01:51:22 | [INFO]    | Shard 0 : Connected to wss://gateway.discord.gg
2020-12-11 01:51:22 | [INFO]    | Shard 0 : Received HELLO
2020-12-11 01:51:22 | [INFO]    | Shard 0 : Received READY
2020-12-11 01:54:43 | [INFO]    | Discordia 2.8.4
2020-12-11 01:54:43 | [INFO]    | Connecting to Discord...
2020-12-11 01:54:43 | [INFO]    | Authenticated as Marshmallowy Love#1300
2020-12-11 01:54:43 | [INFO]    | Launching shard 0 (1 out of 1)...
2020-12-11 01:54:44 | [INFO]    | Shard 0 : Connected to wss://gateway.discord.gg
2020-12-11 01:54:44 | [INFO]    | Shard 0 : Received HELLO
2020-12-11 01:54:44 | [INFO]    | Shard 0 : Received READY
2020-12-11 01:55:20 | [INFO]    | Discordia 2.8.4
2020-12-11 01:55:20 | [INFO]    | Connecting to Discord...
2020-12-11 01:55:20 | [INFO]    | Authenticated as Marshmallowy Love#1300
2020-12-11 01:55:20 | [INFO]    | Launching shard 0 (1 out of 1)...
2020-12-11 01:55:20 | [INFO]    | Shard 0 : Connected to wss://gateway.discord.gg
2020-12-11 01:55:20 | [INFO]    | Shard 0 : Received HELLO
2020-12-11 01:55:20 | [INFO]    | Shard 0 : Received READY
2020-12-11 01:55:45 | [INFO]    | Discordia 2.8.4
2020-12-11 01:55:45 | [INFO]    | Connecting to Discord...
2020-12-11 01:55:45 | [INFO]    | Authenticated as Marshmallowy Love#1300
2020-12-11 01:55:45 | [INFO]    | Launching shard 0 (1 out of 1)...
2020-12-11 01:55:46 | [INFO]    | Shard 0 : Connected to wss://gateway.discord.gg
2020-12-11 01:55:46 | [INFO]    | Shard 0 : Received HELLO
2020-12-11 01:55:46 | [INFO]    | Shard 0 : Received READY
2020-12-11 02:01:16 | [INFO]    | Discordia 2.8.4
2020-12-11 02:01:16 | [INFO]    | Connecting to Discord...
2020-12-11 02:01:16 | [INFO]    | Authenticated as Marshmallowy Love#1300
2020-12-11 02:01:16 | [INFO]    | Launching shard 0 (1 out of 1)...
2020-12-11 02:01:17 | [INFO]    | Shard 0 : Connected to wss://gateway.discord.gg
2020-12-11 02:01:17 | [INFO]    | Shard 0 : Received HELLO
2020-12-11 02:01:17 | [INFO]    | Shard 0 : Received READY
2020-12-11 02:02:32 | [INFO]    | Discordia 2.8.4
2020-12-11 02:02:32 | [INFO]    | Connecting to Discord...
2020-12-11 02:02:32 | [INFO]    | Authenticated as Marshmallowy Love#1300
2020-12-11 02:02:32 | [INFO]    | Launching shard 0 (1 out of 1)...
2020-12-11 02:02:33 | [INFO]    | Shard 0 : Connected to wss://gateway.discord.gg
2020-12-11 02:02:33 | [INFO]    | Shard 0 : Received HELLO
2020-12-11 02:02:33 | [INFO]    | Shard 0 : Received READY
2020-12-11 02:11:07 | [INFO]    | Discordia 2.8.4
2020-12-11 02:11:07 | [INFO]    | Connecting to Discord...
2020-12-11 02:11:07 | [INFO]    | Authenticated as Marshmallowy Love#1300
2020-12-11 02:11:07 | [INFO]    | Launching shard 0 (1 out of 1)...
2020-12-11 02:11:07 | [INFO]    | Shard 0 : Connected to wss://gateway.discord.gg
2020-12-11 02:11:07 | [INFO]    | Shard 0 : Received HELLO
2020-12-11 02:11:07 | [INFO]    | Shard 0 : Received READY
2020-12-11 02:11:43 | [INFO]    | Discordia 2.8.4
2020-12-11 02:11:43 | [INFO]    | Connecting to Discord...
2020-12-11 02:11:43 | [INFO]    | Authenticated as Marshmallowy Love#1300
2020-12-11 02:11:43 | [INFO]    | Launching shard 0 (1 out of 1)...
2020-12-11 02:11:43 | [INFO]    | Shard 0 : Connected to wss://gateway.discord.gg
2020-12-11 02:11:43 | [INFO]    | Shard 0 : Received HELLO
2020-12-11 02:11:43 | [INFO]    | Shard 0 : Received READY
2020-12-11 02:12:31 | [INFO]    | Discordia 2.8.4
2020-12-11 02:12:31 | [INFO]    | Connecting to Discord...
2020-12-11 02:12:31 | [INFO]    | Authenticated as Marshmallowy Love#1300
2020-12-11 02:12:31 | [INFO]    | Launching shard 0 (1 out of 1)...
2020-12-11 02:12:31 | [INFO]    | Shard 0 : Connected to wss://gateway.discord.gg
2020-12-11 02:12:31 | [INFO]    | Shard 0 : Received HELLO
2020-12-11 02:12:31 | [INFO]    | Shard 0 : Received READY
2020-12-11 02:20:14 | [INFO]    | Discordia 2.8.4
2020-12-11 02:20:14 | [INFO]    | Connecting to Discord...
2020-12-11 02:20:14 | [INFO]    | Authenticated as Marshmallowy Love#1300
2020-12-11 02:20:14 | [INFO]    | Launching shard 0 (1 out of 1)...
2020-12-11 02:20:14 | [INFO]    | Shard 0 : Connected to wss://gateway.discord.gg
2020-12-11 02:20:14 | [INFO]    | Shard 0 : Received HELLO
2020-12-11 02:20:14 | [INFO]    | Shard 0 : Received READY
2020-12-11 02:22:26 | [INFO]    | Discordia 2.8.4
2020-12-11 02:22:26 | [INFO]    | Connecting to Discord...
2020-12-11 02:22:26 | [INFO]    | Authenticated as Marshmallowy Love#1300
2020-12-11 02:22:26 | [INFO]    | Launching shard 0 (1 out of 1)...
2020-12-11 02:22:26 | [INFO]    | Shard 0 : Connected to wss://gateway.discord.gg
2020-12-11 02:22:26 | [INFO]    | Shard 0 : Received HELLO
2020-12-11 02:22:26 | [INFO]    | Shard 0 : Received READY
2020-12-11 02:23:25 | [INFO]    | Discordia 2.8.4
2020-12-11 02:23:25 | [INFO]    | Connecting to Discord...
2020-12-11 02:23:26 | [INFO]    | Authenticated as Marshmallowy Love#1300
2020-12-11 02:23:26 | [INFO]    | Launching shard 0 (1 out of 1)...
2020-12-11 02:23:26 | [INFO]    | Shard 0 : Connected to wss://gateway.discord.gg
2020-12-11 02:23:26 | [INFO]    | Shard 0 : Received HELLO
2020-12-11 02:23:26 | [INFO]    | Shard 0 : Received READY
2020-12-11 02:23:57 | [INFO]    | Discordia 2.8.4
2020-12-11 02:23:57 | [INFO]    | Connecting to Discord...
2020-12-11 02:23:57 | [INFO]    | Authenticated as Marshmallowy Love#1300
2020-12-11 02:23:57 | [INFO]    | Launching shard 0 (1 out of 1)...
2020-12-11 02:23:58 | [INFO]    | Shard 0 : Connected to wss://gateway.discord.gg
2020-12-11 02:23:58 | [INFO]    | Shard 0 : Received HELLO
2020-12-11 02:23:58 | [INFO]    | Shard 0 : Received READY
2020-12-11 02:24:41 | [INFO]    | Discordia 2.8.4
2020-12-11 02:24:41 | [INFO]    | Connecting to Discord...
2020-12-11 02:24:41 | [INFO]    | Authenticated as Marshmallowy Love#1300
2020-12-11 02:24:41 | [INFO]    | Launching shard 0 (1 out of 1)...
2020-12-11 02:24:42 | [INFO]    | Shard 0 : Connected to wss://gateway.discord.gg
2020-12-11 02:24:42 | [INFO]    | Shard 0 : Received HELLO
2020-12-11 02:24:42 | [INFO]    | Shard 0 : Received READY
2020-12-11 02:25:19 | [INFO]    | Discordia 2.8.4
2020-12-11 02:25:19 | [INFO]    | Connecting to Discord...
2020-12-11 02:25:20 | [INFO]    | Authenticated as Marshmallowy Love#1300
2020-12-11 02:25:20 | [INFO]    | Launching shard 0 (1 out of 1)...
2020-12-11 02:25:20 | [INFO]    | Shard 0 : Connected to wss://gateway.discord.gg
2020-12-11 02:25:20 | [INFO]    | Shard 0 : Received HELLO
2020-12-11 02:25:20 | [INFO]    | Shard 0 : Received READY
2020-12-11 02:25:57 | [INFO]    | Discordia 2.8.4
2020-12-11 02:25:57 | [INFO]    | Connecting to Discord...
2020-12-11 02:25:57 | [INFO]    | Authenticated as Marshmallowy Love#1300
2020-12-11 02:25:57 | [INFO]    | Launching shard 0 (1 out of 1)...
2020-12-11 02:25:57 | [INFO]    | Shard 0 : Connected to wss://gateway.discord.gg
2020-12-11 02:25:57 | [INFO]    | Shard 0 : Received HELLO
2020-12-11 02:25:57 | [INFO]    | Shard 0 : Received READY
2020-12-11 02:31:38 | [INFO]    | Discordia 2.8.4
2020-12-11 02:31:38 | [INFO]    | Connecting to Discord...
2020-12-11 02:31:38 | [INFO]    | Authenticated as Marshmallowy Love#1300
2020-12-11 02:31:38 | [INFO]    | Launching shard 0 (1 out of 1)...
2020-12-11 02:31:38 | [INFO]    | Shard 0 : Connected to wss://gateway.discord.gg
2020-12-11 02:31:38 | [INFO]    | Shard 0 : Received HELLO
2020-12-11 02:31:38 | [INFO]    | Shard 0 : Received READY
2020-12-11 03:02:54 | [INFO]    | Discordia 2.8.4
2020-12-11 03:02:54 | [INFO]    | Connecting to Discord...
2020-12-11 03:02:55 | [INFO]    | Authenticated as Marshmallowy Love#1300
2020-12-11 03:02:55 | [INFO]    | Launching shard 0 (1 out of 1)...
2020-12-11 03:02:55 | [INFO]    | Shard 0 : Connected to wss://gateway.discord.gg
2020-12-11 03:02:55 | [INFO]    | Shard 0 : Received HELLO
2020-12-11 03:02:55 | [INFO]    | Shard 0 : Received READY
2020-12-11 03:07:40 | [INFO]    | Discordia 2.8.4
2020-12-11 03:07:40 | [INFO]    | Connecting to Discord...
2020-12-11 03:07:40 | [INFO]    | Authenticated as Marshmallowy Love#1300
2020-12-11 03:07:40 | [INFO]    | Launching shard 0 (1 out of 1)...
2020-12-11 03:07:41 | [INFO]    | Shard 0 : Connected to wss://gateway.discord.gg
2020-12-11 03:07:41 | [INFO]    | Shard 0 : Received HELLO
2020-12-11 03:07:41 | [INFO]    | Shard 0 : Received READY
2020-12-11 03:09:12 | [INFO]    | Discordia 2.8.4
2020-12-11 03:09:12 | [INFO]    | Connecting to Discord...
2020-12-11 03:09:12 | [INFO]    | Authenticated as Marshmallowy Love#1300
2020-12-11 03:09:12 | [INFO]    | Launching shard 0 (1 out of 1)...
2020-12-11 03:09:12 | [INFO]    | Shard 0 : Connected to wss://gateway.discord.gg
2020-12-11 03:09:12 | [INFO]    | Shard 0 : Received HELLO
2020-12-11 03:09:12 | [INFO]    | Shard 0 : Received READY
2020-12-11 03:11:08 | [INFO]    | Discordia 2.8.4
2020-12-11 03:11:08 | [INFO]    | Connecting to Discord...
2020-12-11 03:11:08 | [INFO]    | Authenticated as Marshmallowy Love#1300
2020-12-11 03:11:08 | [INFO]    | Launching shard 0 (1 out of 1)...
2020-12-11 03:11:08 | [INFO]    | Shard 0 : Connected to wss://gateway.discord.gg
2020-12-11 03:11:08 | [INFO]    | Shard 0 : Received HELLO
2020-12-11 03:11:09 | [INFO]    | Shard 0 : Received READY
2020-12-11 03:12:05 | [INFO]    | Discordia 2.8.4
2020-12-11 03:12:05 | [INFO]    | Connecting to Discord...
2020-12-11 03:12:05 | [INFO]    | Authenticated as Marshmallowy Love#1300
2020-12-11 03:12:05 | [INFO]    | Launching shard 0 (1 out of 1)...
2020-12-11 03:12:05 | [INFO]    | Shard 0 : Connected to wss://gateway.discord.gg
2020-12-11 03:12:05 | [INFO]    | Shard 0 : Received HELLO
2020-12-11 03:12:05 | [INFO]    | Shard 0 : Received READY
2020-12-11 03:13:17 | [INFO]    | Discordia 2.8.4
2020-12-11 03:13:17 | [INFO]    | Connecting to Discord...
2020-12-11 03:13:18 | [INFO]    | Authenticated as Marshmallowy Love#1300
2020-12-11 03:13:18 | [INFO]    | Launching shard 0 (1 out of 1)...
2020-12-11 03:13:18 | [INFO]    | Shard 0 : Connected to wss://gateway.discord.gg
2020-12-11 03:13:18 | [INFO]    | Shard 0 : Received HELLO
2020-12-11 03:13:18 | [INFO]    | Shard 0 : Received READY
2020-12-11 03:14:42 | [INFO]    | Discordia 2.8.4
2020-12-11 03:14:42 | [INFO]    | Connecting to Discord...
2020-12-11 03:14:42 | [INFO]    | Authenticated as Marshmallowy Love#1300
2020-12-11 03:14:42 | [INFO]    | Launching shard 0 (1 out of 1)...
2020-12-11 03:14:43 | [INFO]    | Shard 0 : Connected to wss://gateway.discord.gg
2020-12-11 03:14:43 | [INFO]    | Shard 0 : Received HELLO
2020-12-11 03:14:43 | [INFO]    | Shard 0 : Received READY
2020-12-11 03:17:39 | [INFO]    | Discordia 2.8.4
2020-12-11 03:17:39 | [INFO]    | Connecting to Discord...
2020-12-11 03:17:39 | [INFO]    | Authenticated as Marshmallowy Love#1300
2020-12-11 03:17:39 | [INFO]    | Launching shard 0 (1 out of 1)...
2020-12-11 03:17:39 | [INFO]    | Shard 0 : Connected to wss://gateway.discord.gg
2020-12-11 03:17:39 | [INFO]    | Shard 0 : Received HELLO
2020-12-11 03:17:39 | [INFO]    | Shard 0 : Received READY
2020-12-11 03:18:10 | [INFO]    | Discordia 2.8.4
2020-12-11 03:18:10 | [INFO]    | Connecting to Discord...
2020-12-11 03:18:11 | [INFO]    | Authenticated as Marshmallowy Love#1300
2020-12-11 03:18:11 | [INFO]    | Launching shard 0 (1 out of 1)...
2020-12-11 03:18:11 | [INFO]    | Shard 0 : Connected to wss://gateway.discord.gg
2020-12-11 03:18:11 | [INFO]    | Shard 0 : Received HELLO
2020-12-11 03:18:11 | [INFO]    | Shard 0 : Received READY
2020-12-11 03:21:23 | [INFO]    | Discordia 2.8.4
2020-12-11 03:21:23 | [INFO]    | Connecting to Discord...
2020-12-11 03:21:23 | [INFO]    | Authenticated as Marshmallowy Love#1300
2020-12-11 03:21:23 | [INFO]    | Launching shard 0 (1 out of 1)...
2020-12-11 03:21:24 | [INFO]    | Shard 0 : Connected to wss://gateway.discord.gg
2020-12-11 03:21:24 | [INFO]    | Shard 0 : Received HELLO
2020-12-11 03:21:24 | [INFO]    | Shard 0 : Received READY
2020-12-11 03:21:47 | [INFO]    | Discordia 2.8.4
2020-12-11 03:21:47 | [INFO]    | Connecting to Discord...
2020-12-11 03:21:48 | [INFO]    | Authenticated as Marshmallowy Love#1300
2020-12-11 03:21:48 | [INFO]    | Launching shard 0 (1 out of 1)...
2020-12-11 03:21:48 | [INFO]    | Shard 0 : Connected to wss://gateway.discord.gg
2020-12-11 03:21:48 | [INFO]    | Shard 0 : Received HELLO
2020-12-11 03:21:48 | [INFO]    | Shard 0 : Received READY
2020-12-11 03:26:28 | [INFO]    | Discordia 2.8.4
2020-12-11 03:26:28 | [INFO]    | Connecting to Discord...
2020-12-11 03:26:28 | [INFO]    | Authenticated as Marshmallowy Love#1300
2020-12-11 03:26:28 | [INFO]    | Launching shard 0 (1 out of 1)...
2020-12-11 03:26:28 | [INFO]    | Shard 0 : Connected to wss://gateway.discord.gg
2020-12-11 03:26:28 | [INFO]    | Shard 0 : Received HELLO
2020-12-11 03:26:28 | [INFO]    | Shard 0 : Received READY
2020-12-11 03:27:13 | [INFO]    | Discordia 2.8.4
2020-12-11 03:27:13 | [INFO]    | Connecting to Discord...
2020-12-11 03:27:13 | [INFO]    | Authenticated as Marshmallowy Love#1300
2020-12-11 03:27:13 | [INFO]    | Launching shard 0 (1 out of 1)...
2020-12-11 03:27:13 | [INFO]    | Shard 0 : Connected to wss://gateway.discord.gg
2020-12-11 03:27:13 | [INFO]    | Shard 0 : Received HELLO
2020-12-11 03:27:14 | [INFO]    | Shard 0 : Received READY
2020-12-11 03:28:21 | [INFO]    | Discordia 2.8.4
2020-12-11 03:28:21 | [INFO]    | Connecting to Discord...
2020-12-11 03:28:21 | [INFO]    | Authenticated as Marshmallowy Love#1300
2020-12-11 03:28:21 | [INFO]    | Launching shard 0 (1 out of 1)...
2020-12-11 03:28:22 | [INFO]    | Shard 0 : Connected to wss://gateway.discord.gg
2020-12-11 03:28:22 | [INFO]    | Shard 0 : Received HELLO
2020-12-11 03:28:22 | [INFO]    | Shard 0 : Received READY
2020-12-11 03:28:45 | [INFO]    | Discordia 2.8.4
2020-12-11 03:28:45 | [INFO]    | Connecting to Discord...
2020-12-11 03:28:45 | [INFO]    | Authenticated as Marshmallowy Love#1300
2020-12-11 03:28:45 | [INFO]    | Launching shard 0 (1 out of 1)...
2020-12-11 03:28:45 | [INFO]    | Shard 0 : Connected to wss://gateway.discord.gg
2020-12-11 03:28:45 | [INFO]    | Shard 0 : Received HELLO
2020-12-11 03:28:45 | [INFO]    | Shard 0 : Received READY
2020-12-11 03:29:20 | [INFO]    | Discordia 2.8.4
2020-12-11 03:29:20 | [INFO]    | Connecting to Discord...
2020-12-11 03:29:21 | [INFO]    | Authenticated as Marshmallowy Love#1300
2020-12-11 03:29:21 | [INFO]    | Launching shard 0 (1 out of 1)...
2020-12-11 03:29:21 | [INFO]    | Shard 0 : Connected to wss://gateway.discord.gg
2020-12-11 03:29:21 | [INFO]    | Shard 0 : Received HELLO
2020-12-11 03:29:21 | [INFO]    | Shard 0 : Received READY
2020-12-11 03:30:28 | [INFO]    | Discordia 2.8.4
2020-12-11 03:30:28 | [INFO]    | Connecting to Discord...
2020-12-11 03:30:29 | [INFO]    | Authenticated as Marshmallowy Love#1300
2020-12-11 03:30:29 | [INFO]    | Launching shard 0 (1 out of 1)...
2020-12-11 03:30:29 | [INFO]    | Shard 0 : Connected to wss://gateway.discord.gg
2020-12-11 03:30:29 | [INFO]    | Shard 0 : Received HELLO
2020-12-11 03:30:29 | [INFO]    | Shard 0 : Received READY
2020-12-11 03:32:49 | [INFO]    | Discordia 2.8.4
2020-12-11 03:32:49 | [INFO]    | Connecting to Discord...
2020-12-11 03:32:49 | [INFO]    | Authenticated as Marshmallowy Love#1300
2020-12-11 03:32:49 | [INFO]    | Launching shard 0 (1 out of 1)...
2020-12-11 03:32:49 | [INFO]    | Shard 0 : Connected to wss://gateway.discord.gg
2020-12-11 03:32:49 | [INFO]    | Shard 0 : Received HELLO
2020-12-11 03:32:49 | [INFO]    | Shard 0 : Received READY
2020-12-11 04:14:08 | [WARNING] | Shard 0 : Discord has requested a reconnection
2020-12-11 04:14:08 | [INFO]    | Shard 0 : Disconnected
2020-12-11 04:14:08 | [INFO]    | Shard 0 : Reconnecting...
2020-12-11 04:14:09 | [INFO]    | Shard 0 : Connected to wss://gateway.discord.gg
2020-12-11 04:14:09 | [INFO]    | Shard 0 : Received HELLO
2020-12-11 04:14:09 | [INFO]    | Shard 0 : Received RESUMED
2020-12-11 04:42:39 | [INFO]    | Shard 0 : Disconnected
2020-12-11 04:44:21 | [INFO]    | Shard 0 : Reconnecting after 932 ms...
2020-12-11 04:44:22 | [INFO]    | Shard 0 : Connected to wss://gateway.discord.gg
2020-12-11 04:44:22 | [INFO]    | Shard 0 : Received HELLO
2020-12-11 04:44:22 | [INFO]    | Shard 0 : Session invalidated, re-identifying...
2020-12-11 04:44:26 | [INFO]    | Shard 0 : Received READY
2021-03-13 13:09:28 | [INFO]    | Discordia 2.8.4
2021-03-13 13:09:28 | [INFO]    | Connecting to Discord...
2021-03-13 13:09:29 | [INFO]    | Authenticated as Marshmallowy Love#1300
2021-03-13 13:09:29 | [INFO]    | Launching shard 0 (1 out of 1)...
2021-03-13 13:09:29 | [INFO]    | Shard 0 : Connected to wss://gateway.discord.gg
2021-03-13 13:09:29 | [INFO]    | Shard 0 : Received HELLO
2021-03-13 13:09:30 | [INFO]    | Shard 0 : Received READY
2021-03-13 13:10:07 | [INFO]    | Discordia 2.8.4
2021-03-13 13:10:07 | [INFO]    | Connecting to Discord...
2021-03-13 13:10:08 | [INFO]    | Authenticated as Marshmallowy Love#1300
2021-03-13 13:10:08 | [INFO]    | Launching shard 0 (1 out of 1)...
2021-03-13 13:10:08 | [INFO]    | Shard 0 : Connected to wss://gateway.discord.gg
2021-03-13 13:10:08 | [INFO]    | Shard 0 : Received HELLO
2021-03-13 13:10:08 | [INFO]    | Shard 0 : Received READY
2021-03-13 13:49:48 | [WARNING] | Shard 0 : Discord has requested a reconnection
2021-03-13 13:49:48 | [INFO]    | Shard 0 : Disconnected
2021-03-13 13:49:48 | [INFO]    | Shard 0 : Reconnecting...
2021-03-13 13:49:48 | [INFO]    | Shard 0 : Connected to wss://gateway.discord.gg
2021-03-13 13:49:48 | [INFO]    | Shard 0 : Received HELLO
2021-03-13 13:49:48 | [INFO]    | Shard 0 : Received RESUMED
2021-03-13 13:55:51 | [INFO]    | Discordia 2.8.4
2021-03-13 13:55:51 | [INFO]    | Connecting to Discord...
2021-03-13 13:55:51 | [INFO]    | Authenticated as Marshmallowy Love#1300
2021-03-13 13:55:51 | [INFO]    | Launching shard 0 (1 out of 1)...
2021-03-13 13:55:52 | [INFO]    | Shard 0 : Connected to wss://gateway.discord.gg
2021-03-13 13:55:52 | [INFO]    | Shard 0 : Received HELLO
2021-03-13 13:55:52 | [INFO]    | Shard 0 : Received READY
2021-03-13 14:00:56 | [INFO]    | Discordia 2.8.4
2021-03-13 14:00:56 | [INFO]    | Connecting to Discord...
2021-03-13 14:00:56 | [INFO]    | Authenticated as Marshmallowy Love#1300
2021-03-13 14:00:56 | [INFO]    | Launching shard 0 (1 out of 1)...
2021-03-13 14:00:57 | [INFO]    | Shard 0 : Connected to wss://gateway.discord.gg
2021-03-13 14:00:57 | [INFO]    | Shard 0 : Received HELLO
2021-03-13 14:00:57 | [INFO]    | Shard 0 : Received READY
2021-03-13 14:03:25 | [INFO]    | Discordia 2.8.4
2021-03-13 14:03:25 | [INFO]    | Connecting to Discord...
2021-03-13 14:03:25 | [INFO]    | Authenticated as Marshmallowy Love#1300
2021-03-13 14:03:25 | [INFO]    | Launching shard 0 (1 out of 1)...
2021-03-13 14:03:25 | [INFO]    | Shard 0 : Connected to wss://gateway.discord.gg
2021-03-13 14:03:25 | [INFO]    | Shard 0 : Received HELLO
2021-03-13 14:03:25 | [INFO]    | Shard 0 : Received READY
2021-03-13 14:05:14 | [INFO]    | Discordia 2.8.4
2021-03-13 14:05:14 | [INFO]    | Connecting to Discord...
2021-03-13 14:05:14 | [INFO]    | Authenticated as Marshmallowy Love#1300
2021-03-13 14:05:14 | [INFO]    | Launching shard 0 (1 out of 1)...
2021-03-13 14:05:14 | [INFO]    | Shard 0 : Connected to wss://gateway.discord.gg
2021-03-13 14:05:14 | [INFO]    | Shard 0 : Received HELLO
2021-03-13 14:05:15 | [INFO]    | Shard 0 : Received READY
2021-03-13 14:06:29 | [INFO]    | Discordia 2.8.4
2021-03-13 14:06:29 | [INFO]    | Connecting to Discord...
2021-03-13 14:06:30 | [INFO]    | Authenticated as Marshmallowy Love#1300
2021-03-13 14:06:30 | [INFO]    | Launching shard 0 (1 out of 1)...
2021-03-13 14:06:30 | [INFO]    | Shard 0 : Connected to wss://gateway.discord.gg
2021-03-13 14:06:30 | [INFO]    | Shard 0 : Received HELLO
2021-03-13 14:06:30 | [INFO]    | Shard 0 : Received READY
